2026-04-23 07:27:28 | INFO     | ══════════════════════════════════════════
2026-04-23 07:27:28 | INFO     |   Currency Tracker  |  base=USD
2026-04-23 07:27:28 | INFO     | ══════════════════════════════════════════
2026-04-23 07:27:28 | INFO     | Fetching rates for 2026-04-23 from https://api.frankfurter.app/2026-04-23
2026-04-23 07:27:28 | ERROR    | Failed to fetch today's rates: 403 Client Error: Forbidden for url: https://api.frankfurter.app/2026-04-23?base=USD&symbols=INR%2CAED%2CEUR%2CGBP%2CBRL%2CMXN
2026-04-23 07:27:28 | INFO     | Fetching rates for 2026-04-22 from https://api.frankfurter.app/2026-04-22
2026-04-23 07:27:28 | ERROR    | Failed to fetch yesterday's rates: 403 Client Error: Forbidden for url: https://api.frankfurter.app/2026-04-22?base=USD&symbols=INR%2CAED%2CEUR%2CGBP%2CBRL%2CMXN
2026-04-23 07:27:28 | INFO     | Run complete | date=2026-04-23 | currencies_fetched=[] | errors=['today: 403 Client Error: Forbidden for url: https://api.frankfurter.app/2026-04-23?base=USD&symbols=INR%2CAED%2CEUR%2CGBP%2CBRL%2CMXN', 'yesterday: 403 Client Error: Forbidden for url: https://api.frankfurter.app/2026-04-22?base=USD&symbols=INR%2CAED%2CEUR%2CGBP%2CBRL%2CMXN']
2026-04-23 07:27:28 | INFO     | CSV report written → /mnt/user-data/outputs/exchange_rate_report.csv
2026-04-23 07:27:28 | INFO     | Windows launcher written → /mnt/user-data/outputs/currency_tracker_launcher.bat
2026-04-23 13:05:28 | INFO     | ══════════════════════════════════════════
2026-04-23 13:05:28 | INFO     |   Currency Tracker  |  base=USD
2026-04-23 13:05:28 | INFO     | ══════════════════════════════════════════
2026-04-23 13:05:28 | INFO     | Fetching rates for 2026-04-23 from https://api.frankfurter.app/2026-04-23
2026-04-23 13:05:28 | INFO     | Received 6 rate(s): ['BRL', 'EUR', 'GBP', 'INR', 'MXN', 'USD']
2026-04-23 13:05:28 | INFO     | Fetching rates for 2026-04-22 from https://api.frankfurter.app/2026-04-22
2026-04-23 13:05:29 | INFO     | Received 6 rate(s): ['BRL', 'EUR', 'GBP', 'INR', 'MXN', 'USD']
2026-04-23 13:05:29 | INFO     | Run complete | date=2026-04-23 | currencies_fetched=['BRL', 'EUR', 'GBP', 'INR', 'MXN', 'USD'] | errors=none
2026-04-23 13:05:29 | INFO     | CSV report written → C:\Users\Suraj\Downloads\AssignmentAis\exchange_rate_report.csv
2026-04-23 13:05:29 | INFO     | Windows launcher written → C:\Users\Suraj\Downloads\AssignmentAis\currency_tracker_launcher.bat
2026-04-23 14:04:49 | INFO     | ══════════════════════════════════════════
2026-04-23 14:04:49 | INFO     |   Currency Tracker  |  base=USD
2026-04-23 14:04:49 | INFO     | ══════════════════════════════════════════
2026-04-23 14:04:49 | INFO     | Fetching rates for 2026-04-23 from https://api.frankfurter.app/2026-04-23
2026-04-23 14:04:50 | INFO     | Received 6 rate(s): ['BRL', 'EUR', 'GBP', 'INR', 'MXN', 'USD']
2026-04-23 14:04:50 | INFO     | Fetching rates for 2026-04-22 from https://api.frankfurter.app/2026-04-22
2026-04-23 14:04:51 | INFO     | Received 6 rate(s): ['BRL', 'EUR', 'GBP', 'INR', 'MXN', 'USD']
2026-04-23 14:04:51 | INFO     | Run complete | date=2026-04-23 | currencies_fetched=['BRL', 'EUR', 'GBP', 'INR', 'MXN', 'USD'] | errors=none
2026-04-23 14:04:51 | INFO     | CSV report written → C:\Users\Suraj\Downloads\AssignmentAis\exchange_rate_report.csv
2026-04-23 14:04:51 | INFO     | Windows launcher written → C:\Users\Suraj\Downloads\AssignmentAis\currency_tracker_launcher.bat
